[REUSSI] [22/11/2018 15:14] Connexion ssh réussie pour l'adresse test.rebex.net avec l'utilisateur demo
[REUSSI] [22/11/2018 15:21] Connexion http réussie pour l'adresse local.techno-web.fr avec l'utilisateur admin
[REUSSI] [22/11/2018 15:21] Connexion http réussie pour l'adresse techno-web.fr avec l'utilisateur Gregoire.GAONACH
[REUSSI] [22/11/2018 15:21] Connexion ftp réussie pour l'adresse ftp.dlptest.com avec l'utilisateur dlpuser@dlptest.com
[REUSSI] [22/11/2018 15:21] Connexion sftp réussie pour l'adresse test.rebex.net avec l'utilisateur demo
[REUSSI] [22/11/2018 15:21] Connexion ssh réussie pour l'adresse test.rebex.net avec l'utilisateur demo
[REUSSI] [22/11/2018 15:21] Connexion http réussie pour l'adresse local.techno-web.fr avec l'utilisateur admin
[REUSSI] [22/11/2018 15:21] Connexion http réussie pour l'adresse techno-web.fr avec l'utilisateur Gregoire.GAONACH
[REUSSI] [22/11/2018 15:21] Connexion ftp réussie pour l'adresse ftp.dlptest.com avec l'utilisateur dlpuser@dlptest.com
[REUSSI] [22/11/2018 15:21] Connexion sftp réussie pour l'adresse test.rebex.net avec l'utilisateur demo
[REUSSI] [22/11/2018 15:21] Connexion ssh réussie pour l'adresse test.rebex.net avec l'utilisateur demo
[REUSSI] [22/11/2018 15:46] Connexion http réussie pour l'adresse local.techno-web.fr avec l'utilisateur admin
[REUSSI] [22/11/2018 15:46] Connexion http réussie pour l'adresse techno-web.fr avec l'utilisateur Gregoire.GAONACH
[REUSSI] [22/11/2018 15:46] Connexion ftp réussie pour l'adresse ftp.dlptest.com avec l'utilisateur dlpuser@dlptest.com
[REUSSI] [22/11/2018 15:46] Connexion sftp réussie pour l'adresse test.rebex.net avec l'utilisateur demo
[REUSSI] [22/11/2018 15:46] Connexion ssh réussie pour l'adresse test.rebex.net avec l'utilisateur demo
[REUSSI] [22/11/2018 15:46] Connexion http réussie pour l'adresse local.techno-web.fr avec l'utilisateur admin
[REUSSI] [22/11/2018 15:46] Connexion http réussie pour l'adresse techno-web.fr avec l'utilisateur Gregoire.GAONACH
[REUSSI] [22/11/2018 15:46] Connexion ftp réussie pour l'adresse ftp.dlptest.com avec l'utilisateur dlpuser@dlptest.com
[REUSSI] [22/11/2018 15:46] Connexion sftp réussie pour l'adresse test.rebex.net avec l'utilisateur demo
[REUSSI] [22/11/2018 15:46] Connexion ssh réussie pour l'adresse test.rebex.net avec l'utilisateur demo
[REUSSI] [22/11/2018 15:52] Connexion http réussie pour l'adresse local.techno-web.fr avec l'utilisateur admin
[REUSSI] [22/11/2018 15:52] Connexion http réussie pour l'adresse techno-web.fr avec l'utilisateur Gregoire.GAONACH
[REUSSI] [22/11/2018 15:52] Connexion ftp réussie pour l'adresse ftp.dlptest.com avec l'utilisateur dlpuser@dlptest.com
[REUSSI] [22/11/2018 15:53] Connexion sftp réussie pour l'adresse test.rebex.net avec l'utilisateur demo
[REUSSI] [22/11/2018 15:53] Connexion ssh réussie pour l'adresse test.rebex.net avec l'utilisateur demo
[REUSSI] [22/11/2018 15:54] Connexion http réussie pour l'adresse local.techno-web.fr avec l'utilisateur admin
[REUSSI] [22/11/2018 15:54] Connexion http réussie pour l'adresse techno-web.fr avec l'utilisateur Gregoire.GAONACH
[REUSSI] [22/11/2018 15:54] Connexion ftp réussie pour l'adresse ftp.dlptest.com avec l'utilisateur dlpuser@dlptest.com
[REUSSI] [22/11/2018 15:54] Connexion sftp réussie pour l'adresse test.rebex.net avec l'utilisateur demo
[REUSSI] [22/11/2018 15:54] Connexion ssh réussie pour l'adresse test.rebex.net avec l'utilisateur demo
[REUSSI] [22/11/2018 15:54] Connexion http réussie pour l'adresse local.techno-web.fr avec l'utilisateur admin
[REUSSI] [22/11/2018 15:54] Connexion http réussie pour l'adresse techno-web.fr avec l'utilisateur Gregoire.GAONACH
[REUSSI] [22/11/2018 15:54] Connexion ftp réussie pour l'adresse ftp.dlptest.com avec l'utilisateur dlpuser@dlptest.com
[REUSSI] [22/11/2018 15:54] Connexion sftp réussie pour l'adresse test.rebex.net avec l'utilisateur demo
[REUSSI] [22/11/2018 15:54] Connexion ssh réussie pour l'adresse test.rebex.net avec l'utilisateur demo
[REUSSI] [22/11/2018 15:55] Connexion http réussie pour l'adresse local.techno-web.fr avec l'utilisateur admin
[REUSSI] [22/11/2018 15:55] Connexion http réussie pour l'adresse techno-web.fr avec l'utilisateur Gregoire.GAONACH
[REUSSI] [22/11/2018 15:55] Connexion ftp réussie pour l'adresse ftp.dlptest.com avec l'utilisateur dlpuser@dlptest.com
[REUSSI] [22/11/2018 15:55] Connexion sftp réussie pour l'adresse test.rebex.net avec l'utilisateur demo
[REUSSI] [22/11/2018 15:55] Connexion ssh réussie pour l'adresse test.rebex.net avec l'utilisateur demo
[REUSSI] [22/11/2018 15:57] Connexion http réussie pour l'adresse local.techno-web.fr avec l'utilisateur admin
[REUSSI] [22/11/2018 15:57] Connexion http réussie pour l'adresse techno-web.fr avec l'utilisateur Gregoire.GAONACH
[REUSSI] [22/11/2018 15:57] Connexion ftp réussie pour l'adresse ftp.dlptest.com avec l'utilisateur dlpuser@dlptest.com
[REUSSI] [22/11/2018 15:57] Connexion sftp réussie pour l'adresse test.rebex.net avec l'utilisateur demo
[REUSSI] [22/11/2018 15:57] Connexion ssh réussie pour l'adresse test.rebex.net avec l'utilisateur demo
[REUSSI] [22/11/2018 15:59] Connexion http réussie pour l'adresse local.techno-web.fr avec l'utilisateur admin
[REUSSI] [22/11/2018 15:59] Connexion http réussie pour l'adresse local.techno-web.fr avec l'utilisateur admin
[REUSSI] [22/11/2018 15:59] Connexion http réussie pour l'adresse techno-web.fr avec l'utilisateur Gregoire.GAONACH
[REUSSI] [22/11/2018 15:59] Connexion ftp réussie pour l'adresse ftp.dlptest.com avec l'utilisateur dlpuser@dlptest.com
[REUSSI] [22/11/2018 15:59] Connexion sftp réussie pour l'adresse test.rebex.net avec l'utilisateur demo
[REUSSI] [22/11/2018 15:59] Connexion ssh réussie pour l'adresse test.rebex.net avec l'utilisateur demo
[REUSSI] [22/11/2018 15:59] Connexion http réussie pour l'adresse local.techno-web.fr avec l'utilisateur admin
[REUSSI] [22/11/2018 15:59] Connexion http réussie pour l'adresse techno-web.fr avec l'utilisateur Gregoire.GAONACH
[REUSSI] [22/11/2018 15:59] Connexion ftp réussie pour l'adresse ftp.dlptest.com avec l'utilisateur dlpuser@dlptest.com
[REUSSI] [22/11/2018 15:59] Connexion sftp réussie pour l'adresse test.rebex.net avec l'utilisateur demo
[REUSSI] [22/11/2018 15:59] Connexion ssh réussie pour l'adresse test.rebex.net avec l'utilisateur demo
[REUSSI] [22/11/2018 16:15] Connexion http réussie pour l'adresse local.techno-web.fr avec l'utilisateur admin
[REUSSI] [22/11/2018 16:15] Connexion http réussie pour l'adresse techno-web.fr avec l'utilisateur Gregoire.GAONACH
[REUSSI] [22/11/2018 16:15] Connexion ftp réussie pour l'adresse ftp.dlptest.com avec l'utilisateur dlpuser@dlptest.com
[REUSSI] [22/11/2018 16:16] Connexion sftp réussie pour l'adresse test.rebex.net avec l'utilisateur demo
[REUSSI] [22/11/2018 16:16] Connexion ssh réussie pour l'adresse test.rebex.net avec l'utilisateur demo
[REUSSI] [22/11/2018 16:16] Connexion http réussie pour l'adresse local.techno-web.fr avec l'utilisateur admin
[REUSSI] [22/11/2018 16:16] Connexion http réussie pour l'adresse techno-web.fr avec l'utilisateur Gregoire.GAONACH
[REUSSI] [22/11/2018 16:16] Connexion ftp réussie pour l'adresse ftp.dlptest.com avec l'utilisateur dlpuser@dlptest.com
[REUSSI] [22/11/2018 16:16] Connexion sftp réussie pour l'adresse test.rebex.net avec l'utilisateur demo
[REUSSI] [22/11/2018 16:16] Connexion ssh réussie pour l'adresse test.rebex.net avec l'utilisateur demo
[REUSSI] [22/11/2018 16:16] Connexion http réussie pour l'adresse local.techno-web.fr avec l'utilisateur admin
[REUSSI] [22/11/2018 16:16] Connexion http réussie pour l'adresse techno-web.fr avec l'utilisateur Gregoire.GAONACH
[REUSSI] [22/11/2018 16:16] Connexion ftp réussie pour l'adresse ftp.dlptest.com avec l'utilisateur dlpuser@dlptest.com
[REUSSI] [22/11/2018 16:16] Connexion sftp réussie pour l'adresse test.rebex.net avec l'utilisateur demo
[REUSSI] [22/11/2018 16:16] Connexion ssh réussie pour l'adresse test.rebex.net avec l'utilisateur demo
[REUSSI] [22/11/2018 16:16] Connexion http réussie pour l'adresse local.techno-web.fr avec l'utilisateur admin
[REUSSI] [22/11/2018 16:16] Connexion http réussie pour l'adresse techno-web.fr avec l'utilisateur Gregoire.GAONACH
[REUSSI] [22/11/2018 16:16] Connexion ftp réussie pour l'adresse ftp.dlptest.com avec l'utilisateur dlpuser@dlptest.com
[REUSSI] [22/11/2018 16:16] Connexion sftp réussie pour l'adresse test.rebex.net avec l'utilisateur demo
[REUSSI] [22/11/2018 16:16] Connexion ssh réussie pour l'adresse test.rebex.net avec l'utilisateur demo
[REUSSI] [22/11/2018 16:24] Connexion http réussie pour l'adresse local.techno-web.fr avec l'utilisateur admin
[REUSSI] [22/11/2018 16:24] Connexion http réussie pour l'adresse techno-web.fr avec l'utilisateur Gregoire.GAONACH
[REUSSI] [22/11/2018 16:24] Connexion ftp réussie pour l'adresse ftp.dlptest.com avec l'utilisateur dlpuser@dlptest.com
[REUSSI] [22/11/2018 16:24] Connexion sftp réussie pour l'adresse test.rebex.net avec l'utilisateur demo
[REUSSI] [22/11/2018 16:24] Connexion ssh réussie pour l'adresse test.rebex.net avec l'utilisateur demo
[REUSSI] [22/11/2018 16:25] Connexion http réussie pour l'adresse local.techno-web.fr avec l'utilisateur admin
[REUSSI] [22/11/2018 16:25] Connexion http réussie pour l'adresse techno-web.fr avec l'utilisateur Gregoire.GAONACH
[REUSSI] [22/11/2018 16:25] Connexion ftp réussie pour l'adresse ftp.dlptest.com avec l'utilisateur dlpuser@dlptest.com
[REUSSI] [22/11/2018 16:25] Connexion sftp réussie pour l'adresse test.rebex.net avec l'utilisateur demo
[REUSSI] [22/11/2018 16:25] Connexion ssh réussie pour l'adresse test.rebex.net avec l'utilisateur demo
[REUSSI] [22/11/2018 16:25] Connexion http réussie pour l'adresse local.techno-web.fr avec l'utilisateur admin
[REUSSI] [22/11/2018 16:25] Connexion https réussie pour l'adresse techno-web.fr avec l'utilisateur Gregoire.GAONACH
[REUSSI] [22/11/2018 16:25] Connexion ftp réussie pour l'adresse ftp.dlptest.com avec l'utilisateur dlpuser@dlptest.com
[REUSSI] [22/11/2018 16:25] Connexion sftp réussie pour l'adresse test.rebex.net avec l'utilisateur demo
[REUSSI] [22/11/2018 16:25] Connexion ssh réussie pour l'adresse test.rebex.net avec l'utilisateur demo
[REUSSI] [22/11/2018 16:36] Connexion http réussie pour l'adresse local.techno-web.fr avec l'utilisateur admin
[REUSSI] [22/11/2018 16:36] Connexion https réussie pour l'adresse techno-web.fr avec l'utilisateur Gregoire.GAONACH
[REUSSI] [22/11/2018 16:36] Connexion ftp réussie pour l'adresse ftp.dlptest.com avec l'utilisateur dlpuser@dlptest.com
[REUSSI] [22/11/2018 16:36] Connexion sftp réussie pour l'adresse test.rebex.net avec l'utilisateur demo
[REUSSI] [22/11/2018 16:36] Connexion ssh réussie pour l'adresse test.rebex.net avec l'utilisateur demo
[REUSSI] [22/11/2018 16:38] Connexion http réussie pour l'adresse local.techno-web.fr avec l'utilisateur admin
[REUSSI] [22/11/2018 16:38] Connexion https réussie pour l'adresse techno-web.fr avec l'utilisateur Gregoire.GAONACH
[REUSSI] [22/11/2018 16:38] Connexion ftp réussie pour l'adresse ftp.dlptest.com avec l'utilisateur dlpuser@dlptest.com
[REUSSI] [22/11/2018 16:38] Connexion sftp réussie pour l'adresse test.rebex.net avec l'utilisateur demo
[REUSSI] [22/11/2018 16:38] Connexion ssh réussie pour l'adresse test.rebex.net avec l'utilisateur demo
[REUSSI] [22/11/2018 16:39] Connexion http réussie pour l'adresse local.techno-web.fr avec l'utilisateur admin
[REUSSI] [22/11/2018 16:39] Connexion https réussie pour l'adresse techno-web.fr avec l'utilisateur Gregoire.GAONACH
[REUSSI] [22/11/2018 16:39] Connexion ftp réussie pour l'adresse ftp.dlptest.com avec l'utilisateur dlpuser@dlptest.com
[REUSSI] [22/11/2018 16:39] Connexion sftp réussie pour l'adresse test.rebex.net avec l'utilisateur demo
[REUSSI] [22/11/2018 16:39] Connexion ssh réussie pour l'adresse test.rebex.net avec l'utilisateur demo
